[0.044s] Invoking command in '/home/josef-reth/Workspaces/mydev_ws/src/urdf_gazebo/build/urdf_gazebo': CMAKE_PREFIX_PATH=${CMAKE_PREFIX_PATH}:/opt/ros/foxy /usr/bin/cmake --build /home/josef-reth/Workspaces/mydev_ws/src/urdf_gazebo/build/urdf_gazebo -- -j4 -l4
[0.107s] -- Found ament_cmake: 0.9.11 (/opt/ros/foxy/share/ament_cmake/cmake)
[0.152s] -- Using PYTHON_EXECUTABLE: /usr/bin/python3
[0.509s] -- Found urdf: 2.4.0 (/opt/ros/foxy/share/urdf/cmake)
[0.540s] -- Found ament_lint_auto: 0.9.7 (/opt/ros/foxy/share/ament_lint_auto/cmake)
[0.657s] -- Added test 'copyright' to check source files copyright and LICENSE
[0.695s] -- Added test 'cppcheck' to perform static code analysis on C / C++ code
[0.695s] -- Configured cppcheck include dirs: 
[0.696s] -- Configured cppcheck exclude dirs and/or files: 
[0.744s] -- Added test 'cpplint' to check C / C++ code against the Google style
[0.744s] -- Configured cpplint exclude dirs and/or files: 
[0.751s] -- Added test 'flake8' to check Python code syntax and style conventions
[0.763s] -- Added test 'lint_cmake' to check CMake code style
[0.768s] -- Added test 'pep257' to check Python code against some of the style conventions in PEP 257
[0.815s] -- Added test 'uncrustify' to check C / C++ code style
[0.815s] -- Configured uncrustify additional arguments: 
[0.820s] -- Added test 'xmllint' to check XML markup files
[0.822s] -- Configuring done
[0.833s] -- Generating done
[0.835s] -- Build files have been written to: /home/josef-reth/Workspaces/mydev_ws/src/urdf_gazebo/build/urdf_gazebo
[0.873s] Invoked command in '/home/josef-reth/Workspaces/mydev_ws/src/urdf_gazebo/build/urdf_gazebo' returned '0': CMAKE_PREFIX_PATH=${CMAKE_PREFIX_PATH}:/opt/ros/foxy /usr/bin/cmake --build /home/josef-reth/Workspaces/mydev_ws/src/urdf_gazebo/build/urdf_gazebo -- -j4 -l4
[0.952s] Invoking command in '/home/josef-reth/Workspaces/mydev_ws/src/urdf_gazebo/build/urdf_gazebo': CMAKE_PREFIX_PATH=${CMAKE_PREFIX_PATH}:/opt/ros/foxy /usr/bin/cmake --install /home/josef-reth/Workspaces/mydev_ws/src/urdf_gazebo/build/urdf_gazebo
[0.973s] -- Install configuration: ""
[0.973s] -- Up-to-date: /home/josef-reth/Workspaces/mydev_ws/src/urdf_gazebo/install/urdf_gazebo/share/urdf_gazebo//rviz
[0.973s] -- Up-to-date: /home/josef-reth/Workspaces/mydev_ws/src/urdf_gazebo/install/urdf_gazebo/share/urdf_gazebo//rviz/urdf.rviz
[0.974s] -- Up-to-date: /home/josef-reth/Workspaces/mydev_ws/src/urdf_gazebo/install/urdf_gazebo/share/urdf_gazebo//urdf
[0.974s] -- Up-to-date: /home/josef-reth/Workspaces/mydev_ws/src/urdf_gazebo/install/urdf_gazebo/share/urdf_gazebo//urdf/diffbot.urdf
[0.974s] -- Up-to-date: /home/josef-reth/Workspaces/mydev_ws/src/urdf_gazebo/install/urdf_gazebo/share/urdf_gazebo//launch
[0.974s] -- Up-to-date: /home/josef-reth/Workspaces/mydev_ws/src/urdf_gazebo/install/urdf_gazebo/share/urdf_gazebo//launch/diffbot.urdf.gazebo.launch.py
[0.976s] -- Up-to-date: /home/josef-reth/Workspaces/mydev_ws/src/urdf_gazebo/install/urdf_gazebo/share/urdf_gazebo//launch/diffbot.urdf.launch.py
[0.977s] -- Installing: /home/josef-reth/Workspaces/mydev_ws/src/urdf_gazebo/install/urdf_gazebo/share/ament_index/resource_index/package_run_dependencies/urdf_gazebo
[0.977s] -- Up-to-date: /home/josef-reth/Workspaces/mydev_ws/src/urdf_gazebo/install/urdf_gazebo/share/ament_index/resource_index/parent_prefix_path/urdf_gazebo
[0.977s] -- Up-to-date: /home/josef-reth/Workspaces/mydev_ws/src/urdf_gazebo/install/urdf_gazebo/share/urdf_gazebo/environment/ament_prefix_path.sh
[0.978s] -- Installing: /home/josef-reth/Workspaces/mydev_ws/src/urdf_gazebo/install/urdf_gazebo/share/urdf_gazebo/environment/ament_prefix_path.dsv
[0.979s] -- Up-to-date: /home/josef-reth/Workspaces/mydev_ws/src/urdf_gazebo/install/urdf_gazebo/share/urdf_gazebo/environment/path.sh
[0.983s] -- Installing: /home/josef-reth/Workspaces/mydev_ws/src/urdf_gazebo/install/urdf_gazebo/share/urdf_gazebo/environment/path.dsv
[0.984s] -- Up-to-date: /home/josef-reth/Workspaces/mydev_ws/src/urdf_gazebo/install/urdf_gazebo/share/urdf_gazebo/local_setup.bash
[0.984s] -- Up-to-date: /home/josef-reth/Workspaces/mydev_ws/src/urdf_gazebo/install/urdf_gazebo/share/urdf_gazebo/local_setup.sh
[0.985s] -- Up-to-date: /home/josef-reth/Workspaces/mydev_ws/src/urdf_gazebo/install/urdf_gazebo/share/urdf_gazebo/local_setup.zsh
[0.985s] -- Installing: /home/josef-reth/Workspaces/mydev_ws/src/urdf_gazebo/install/urdf_gazebo/share/urdf_gazebo/local_setup.dsv
[0.986s] -- Installing: /home/josef-reth/Workspaces/mydev_ws/src/urdf_gazebo/install/urdf_gazebo/share/urdf_gazebo/package.dsv
[0.987s] -- Up-to-date: /home/josef-reth/Workspaces/mydev_ws/src/urdf_gazebo/install/urdf_gazebo/share/ament_index/resource_index/packages/urdf_gazebo
[0.988s] -- Up-to-date: /home/josef-reth/Workspaces/mydev_ws/src/urdf_gazebo/install/urdf_gazebo/share/urdf_gazebo/cmake/urdf_gazeboConfig.cmake
[0.988s] -- Up-to-date: /home/josef-reth/Workspaces/mydev_ws/src/urdf_gazebo/install/urdf_gazebo/share/urdf_gazebo/cmake/urdf_gazeboConfig-version.cmake
[0.989s] -- Installing: /home/josef-reth/Workspaces/mydev_ws/src/urdf_gazebo/install/urdf_gazebo/share/urdf_gazebo/package.xml
[0.989s] Invoked command in '/home/josef-reth/Workspaces/mydev_ws/src/urdf_gazebo/build/urdf_gazebo' returned '0': CMAKE_PREFIX_PATH=${CMAKE_PREFIX_PATH}:/opt/ros/foxy /usr/bin/cmake --install /home/josef-reth/Workspaces/mydev_ws/src/urdf_gazebo/build/urdf_gazebo
