[0.039s] Invoking command in '/home/josef-reth/Workspaces/mydev_ws/src/urdf_gazebo/build/urdf_gazebo': CMAKE_PREFIX_PATH=${CMAKE_PREFIX_PATH}:/opt/ros/foxy /usr/bin/cmake --build /home/josef-reth/Workspaces/mydev_ws/src/urdf_gazebo/build/urdf_gazebo -- -j4 -l4
[0.145s] Invoked command in '/home/josef-reth/Workspaces/mydev_ws/src/urdf_gazebo/build/urdf_gazebo' returned '0': CMAKE_PREFIX_PATH=${CMAKE_PREFIX_PATH}:/opt/ros/foxy /usr/bin/cmake --build /home/josef-reth/Workspaces/mydev_ws/src/urdf_gazebo/build/urdf_gazebo -- -j4 -l4
[0.218s] Invoking command in '/home/josef-reth/Workspaces/mydev_ws/src/urdf_gazebo/build/urdf_gazebo': CMAKE_PREFIX_PATH=${CMAKE_PREFIX_PATH}:/opt/ros/foxy /usr/bin/cmake --install /home/josef-reth/Workspaces/mydev_ws/src/urdf_gazebo/build/urdf_gazebo
[0.240s] -- Install configuration: ""
[0.241s] -- Up-to-date: /home/josef-reth/Workspaces/mydev_ws/src/urdf_gazebo/install/urdf_gazebo/share/urdf_gazebo//rviz
[0.241s] -- Up-to-date: /home/josef-reth/Workspaces/mydev_ws/src/urdf_gazebo/install/urdf_gazebo/share/urdf_gazebo//rviz/urdf.rviz
[0.241s] -- Up-to-date: /home/josef-reth/Workspaces/mydev_ws/src/urdf_gazebo/install/urdf_gazebo/share/urdf_gazebo//urdf
[0.241s] -- Installing: /home/josef-reth/Workspaces/mydev_ws/src/urdf_gazebo/install/urdf_gazebo/share/urdf_gazebo//urdf/diffbot.urdf
[0.242s] -- Up-to-date: /home/josef-reth/Workspaces/mydev_ws/src/urdf_gazebo/install/urdf_gazebo/share/urdf_gazebo//launch
[0.242s] -- Up-to-date: /home/josef-reth/Workspaces/mydev_ws/src/urdf_gazebo/install/urdf_gazebo/share/urdf_gazebo//launch/diffbot.urdf.launch.py
[0.242s] -- Up-to-date: /home/josef-reth/Workspaces/mydev_ws/src/urdf_gazebo/install/urdf_gazebo/share/ament_index/resource_index/package_run_dependencies/urdf_gazebo
[0.243s] -- Up-to-date: /home/josef-reth/Workspaces/mydev_ws/src/urdf_gazebo/install/urdf_gazebo/share/ament_index/resource_index/parent_prefix_path/urdf_gazebo
[0.243s] -- Up-to-date: /home/josef-reth/Workspaces/mydev_ws/src/urdf_gazebo/install/urdf_gazebo/share/urdf_gazebo/environment/ament_prefix_path.sh
[0.243s] -- Up-to-date: /home/josef-reth/Workspaces/mydev_ws/src/urdf_gazebo/install/urdf_gazebo/share/urdf_gazebo/environment/ament_prefix_path.dsv
[0.243s] -- Up-to-date: /home/josef-reth/Workspaces/mydev_ws/src/urdf_gazebo/install/urdf_gazebo/share/urdf_gazebo/environment/path.sh
[0.243s] -- Up-to-date: /home/josef-reth/Workspaces/mydev_ws/src/urdf_gazebo/install/urdf_gazebo/share/urdf_gazebo/environment/path.dsv
[0.243s] -- Up-to-date: /home/josef-reth/Workspaces/mydev_ws/src/urdf_gazebo/install/urdf_gazebo/share/urdf_gazebo/local_setup.bash
[0.243s] -- Up-to-date: /home/josef-reth/Workspaces/mydev_ws/src/urdf_gazebo/install/urdf_gazebo/share/urdf_gazebo/local_setup.sh
[0.244s] -- Up-to-date: /home/josef-reth/Workspaces/mydev_ws/src/urdf_gazebo/install/urdf_gazebo/share/urdf_gazebo/local_setup.zsh
[0.244s] -- Up-to-date: /home/josef-reth/Workspaces/mydev_ws/src/urdf_gazebo/install/urdf_gazebo/share/urdf_gazebo/local_setup.dsv
[0.244s] -- Installing: /home/josef-reth/Workspaces/mydev_ws/src/urdf_gazebo/install/urdf_gazebo/share/urdf_gazebo/package.dsv
[0.245s] -- Up-to-date: /home/josef-reth/Workspaces/mydev_ws/src/urdf_gazebo/install/urdf_gazebo/share/ament_index/resource_index/packages/urdf_gazebo
[0.245s] -- Up-to-date: /home/josef-reth/Workspaces/mydev_ws/src/urdf_gazebo/install/urdf_gazebo/share/urdf_gazebo/cmake/urdf_gazeboConfig.cmake
[0.245s] -- Up-to-date: /home/josef-reth/Workspaces/mydev_ws/src/urdf_gazebo/install/urdf_gazebo/share/urdf_gazebo/cmake/urdf_gazeboConfig-version.cmake
[0.245s] -- Up-to-date: /home/josef-reth/Workspaces/mydev_ws/src/urdf_gazebo/install/urdf_gazebo/share/urdf_gazebo/package.xml
[0.250s] Invoked command in '/home/josef-reth/Workspaces/mydev_ws/src/urdf_gazebo/build/urdf_gazebo' returned '0': CMAKE_PREFIX_PATH=${CMAKE_PREFIX_PATH}:/opt/ros/foxy /usr/bin/cmake --install /home/josef-reth/Workspaces/mydev_ws/src/urdf_gazebo/build/urdf_gazebo
