[0.259s] DEBUG:colcon:Command line arguments: ['/usr/bin/colcon', 'build']
[0.259s] DEBUG:colcon:Parsed command line arguments: Namespace(allow_overriding=[], ament_cmake_args=None, base_paths=['.'], build_base='build', catkin_cmake_args=None, catkin_skip_building_tests=False, cmake_args=None, cmake_clean_cache=False, cmake_clean_first=False, cmake_force_configure=False, cmake_target=None, cmake_target_skip_unavailable=False, continue_on_error=False, event_handlers=None, executor='parallel', ignore_user_meta=False, install_base='install', log_base=None, log_level=None, main=<bound method BuildVerb.main of <colcon_core.verb.build.BuildVerb object at 0x7fcd7cb43760>>, merge_install=False, metas=['./colcon.meta'], packages_above=None, packages_above_and_dependencies=None, packages_above_depth=None, packages_end=None, packages_ignore=None, packages_ignore_regex=None, packages_select=None, packages_select_build_failed=False, packages_select_by_dep=None, packages_select_regex=None, packages_select_test_failures=False, packages_skip=None, packages_skip_build_finished=False, packages_skip_by_dep=None, packages_skip_regex=None, packages_skip_test_passed=False, packages_skip_up_to=None, packages_start=None, packages_up_to=None, packages_up_to_regex=None, parallel_workers=4, paths=None, symlink_install=False, test_result_base=None, verb_extension=<colcon_core.verb.build.BuildVerb object at 0x7fcd7cb43760>, verb_name='build', verb_parser=<colcon_defaults.argument_parser.defaults.DefaultArgumentsDecorator object at 0x7fcd7cb43ca0>)
[0.304s] Level 1:colcon.colcon_core.package_discovery:discover_packages(colcon_meta) check parameters
[0.304s] Level 1:colcon.colcon_core.package_discovery:discover_packages(recursive) check parameters
[0.304s] Level 1:colcon.colcon_core.package_discovery:discover_packages(ignore) check parameters
[0.305s] Level 1:colcon.colcon_core.package_discovery:discover_packages(path) check parameters
[0.305s] Level 1:colcon.colcon_core.package_discovery:discover_packages(colcon_meta) discover
[0.305s] Level 1:colcon.colcon_core.package_discovery:discover_packages(recursive) discover
[0.305s] INFO:colcon.colcon_core.package_discovery:Crawling recursively for packages in '/home/josef-reth/Workspaces/mydev_ws/src/urdf_gazebo'
[0.305s] Level 1:colcon.colcon_core.package_identification:_identify(.) by extensions ['ignore', 'ignore_ament_install']
[0.305s] Level 1:colcon.colcon_core.package_identification:_identify(.) by extension 'ignore'
[0.305s] Level 1:colcon.colcon_core.package_identification:_identify(.) by extension 'ignore_ament_install'
[0.306s] Level 1:colcon.colcon_core.package_identification:_identify(.) by extensions ['colcon_pkg']
[0.306s] Level 1:colcon.colcon_core.package_identification:_identify(.) by extension 'colcon_pkg'
[0.306s] Level 1:colcon.colcon_core.package_identification:_identify(.) by extensions ['colcon_meta']
[0.306s] Level 1:colcon.colcon_core.package_identification:_identify(.) by extension 'colcon_meta'
[0.306s] Level 1:colcon.colcon_core.package_identification:_identify(.) by extensions ['ros']
[0.306s] Level 1:colcon.colcon_core.package_identification:_identify(.) by extension 'ros'
[0.328s] DEBUG:colcon.colcon_core.package_identification:Package '.' with type 'ros.ament_cmake' and name 'urdf_gazebo'
[0.328s] Level 1:colcon.colcon_core.package_discovery:discover_packages(recursive) using defaults
[0.328s] Level 1:colcon.colcon_core.package_discovery:discover_packages(ignore) discover
[0.328s] Level 1:colcon.colcon_core.package_discovery:discover_packages(ignore) using defaults
[0.328s] Level 1:colcon.colcon_core.package_discovery:discover_packages(path) discover
[0.328s] Level 1:colcon.colcon_core.package_discovery:discover_packages(path) using defaults
[0.374s] Level 1:colcon.colcon_core.package_discovery:discover_packages(prefix_path) check parameters
[0.374s] Level 1:colcon.colcon_core.package_discovery:discover_packages(prefix_path) discover
[0.379s] DEBUG:colcon.colcon_installed_package_information.package_discovery:Found 1 installed packages in /home/josef-reth/Workspaces/mydev_ws/src/urdf_gazebo/install
[0.380s] DEBUG:colcon.colcon_installed_package_information.package_discovery:Found 1 installed packages in /home/josef-reth/Workspaces/mydev_ws/src/gazebo_urdf/install
[0.384s] DEBUG:colcon.colcon_installed_package_information.package_discovery:Found 345 installed packages in /opt/ros/foxy
[0.388s] Level 1:colcon.colcon_core.package_discovery:discover_packages(prefix_path) using defaults
[0.541s] Level 5:colcon.colcon_core.verb:set package 'urdf_gazebo' build argument 'cmake_args' from command line to 'None'
[0.541s] Level 5:colcon.colcon_core.verb:set package 'urdf_gazebo' build argument 'cmake_target' from command line to 'None'
[0.541s] Level 5:colcon.colcon_core.verb:set package 'urdf_gazebo' build argument 'cmake_target_skip_unavailable' from command line to 'False'
[0.542s] Level 5:colcon.colcon_core.verb:set package 'urdf_gazebo' build argument 'cmake_clean_cache' from command line to 'False'
[0.542s] Level 5:colcon.colcon_core.verb:set package 'urdf_gazebo' build argument 'cmake_clean_first' from command line to 'False'
[0.542s] Level 5:colcon.colcon_core.verb:set package 'urdf_gazebo' build argument 'cmake_force_configure' from command line to 'False'
[0.542s] Level 5:colcon.colcon_core.verb:set package 'urdf_gazebo' build argument 'ament_cmake_args' from command line to 'None'
[0.542s] Level 5:colcon.colcon_core.verb:set package 'urdf_gazebo' build argument 'catkin_cmake_args' from command line to 'None'
[0.542s] Level 5:colcon.colcon_core.verb:set package 'urdf_gazebo' build argument 'catkin_skip_building_tests' from command line to 'False'
[0.542s] DEBUG:colcon.colcon_core.verb:Building package 'urdf_gazebo' with the following arguments: {'ament_cmake_args': None, 'build_base': '/home/josef-reth/Workspaces/mydev_ws/src/urdf_gazebo/build/urdf_gazebo', 'catkin_cmake_args': None, 'catkin_skip_building_tests': False, 'cmake_args': None, 'cmake_clean_cache': False, 'cmake_clean_first': False, 'cmake_force_configure': False, 'cmake_target': None, 'cmake_target_skip_unavailable': False, 'install_base': '/home/josef-reth/Workspaces/mydev_ws/src/urdf_gazebo/install/urdf_gazebo', 'merge_install': False, 'path': '/home/josef-reth/Workspaces/mydev_ws/src/urdf_gazebo', 'symlink_install': False, 'test_result_base': None}
[0.543s] INFO:colcon.colcon_core.executor:Executing jobs using 'parallel' executor
[0.551s] DEBUG:colcon.colcon_parallel_executor.executor.parallel:run_until_complete
[0.551s] INFO:colcon.colcon_ros.task.ament_cmake.build:Building ROS package in '/home/josef-reth/Workspaces/mydev_ws/src/urdf_gazebo' with build type 'ament_cmake'
[0.552s] INFO:colcon.colcon_cmake.task.cmake.build:Building CMake package in '/home/josef-reth/Workspaces/mydev_ws/src/urdf_gazebo'
[0.568s] INFO:colcon.colcon_core.plugin_system:Skipping extension 'colcon_core.shell.bat': Not used on non-Windows systems
[0.569s] INFO:colcon.colcon_core.shell:Skip shell extension 'powershell' for command environment: Not usable outside of PowerShell
[0.569s] DEBUG:colcon.colcon_core.shell:Skip shell extension 'dsv' for command environment
[0.602s] DEBUG:colcon.colcon_core.event_handler.log_command:Invoking command in '/home/josef-reth/Workspaces/mydev_ws/src/urdf_gazebo/build/urdf_gazebo': CMAKE_PREFIX_PATH=${CMAKE_PREFIX_PATH}:/opt/ros/foxy /usr/bin/cmake --build /home/josef-reth/Workspaces/mydev_ws/src/urdf_gazebo/build/urdf_gazebo -- -j4 -l4
[1.427s] DEBUG:colcon.colcon_core.event_handler.log_command:Invoked command in '/home/josef-reth/Workspaces/mydev_ws/src/urdf_gazebo/build/urdf_gazebo' returned '0': CMAKE_PREFIX_PATH=${CMAKE_PREFIX_PATH}:/opt/ros/foxy /usr/bin/cmake --build /home/josef-reth/Workspaces/mydev_ws/src/urdf_gazebo/build/urdf_gazebo -- -j4 -l4
[1.506s] DEBUG:colcon.colcon_core.event_handler.log_command:Invoking command in '/home/josef-reth/Workspaces/mydev_ws/src/urdf_gazebo/build/urdf_gazebo': CMAKE_PREFIX_PATH=${CMAKE_PREFIX_PATH}:/opt/ros/foxy /usr/bin/cmake --install /home/josef-reth/Workspaces/mydev_ws/src/urdf_gazebo/build/urdf_gazebo
[1.533s] Level 1:colcon.colcon_core.environment:create_environment_scripts_only(urdf_gazebo)
[1.543s] DEBUG:colcon.colcon_core.event_handler.log_command:Invoked command in '/home/josef-reth/Workspaces/mydev_ws/src/urdf_gazebo/build/urdf_gazebo' returned '0': CMAKE_PREFIX_PATH=${CMAKE_PREFIX_PATH}:/opt/ros/foxy /usr/bin/cmake --install /home/josef-reth/Workspaces/mydev_ws/src/urdf_gazebo/build/urdf_gazebo
[1.549s] Level 1:colcon.colcon_core.environment:checking '/home/josef-reth/Workspaces/mydev_ws/src/urdf_gazebo/install/urdf_gazebo' for CMake module files
[1.550s] Level 1:colcon.colcon_core.environment:checking '/home/josef-reth/Workspaces/mydev_ws/src/urdf_gazebo/install/urdf_gazebo' for CMake config files
[1.551s] Level 1:colcon.colcon_core.shell:create_environment_hook('urdf_gazebo', 'cmake_prefix_path')
[1.554s] INFO:colcon.colcon_core.shell:Creating environment hook '/home/josef-reth/Workspaces/mydev_ws/src/urdf_gazebo/install/urdf_gazebo/share/urdf_gazebo/hook/cmake_prefix_path.ps1'
[1.556s] INFO:colcon.colcon_core.shell:Creating environment descriptor '/home/josef-reth/Workspaces/mydev_ws/src/urdf_gazebo/install/urdf_gazebo/share/urdf_gazebo/hook/cmake_prefix_path.dsv'
[1.556s] INFO:colcon.colcon_core.shell:Creating environment hook '/home/josef-reth/Workspaces/mydev_ws/src/urdf_gazebo/install/urdf_gazebo/share/urdf_gazebo/hook/cmake_prefix_path.sh'
[1.558s] Level 1:colcon.colcon_core.environment:checking '/home/josef-reth/Workspaces/mydev_ws/src/urdf_gazebo/install/urdf_gazebo/bin'
[1.559s] Level 1:colcon.colcon_core.environment:checking '/home/josef-reth/Workspaces/mydev_ws/src/urdf_gazebo/install/urdf_gazebo/lib/pkgconfig/urdf_gazebo.pc'
[1.559s] Level 1:colcon.colcon_core.environment:checking '/home/josef-reth/Workspaces/mydev_ws/src/urdf_gazebo/install/urdf_gazebo/lib/python3.8/site-packages'
[1.559s] Level 1:colcon.colcon_core.environment:checking '/home/josef-reth/Workspaces/mydev_ws/src/urdf_gazebo/install/urdf_gazebo/bin'
[1.564s] INFO:colcon.colcon_core.shell:Creating package script '/home/josef-reth/Workspaces/mydev_ws/src/urdf_gazebo/install/urdf_gazebo/share/urdf_gazebo/package.ps1'
[1.567s] INFO:colcon.colcon_core.shell:Creating package descriptor '/home/josef-reth/Workspaces/mydev_ws/src/urdf_gazebo/install/urdf_gazebo/share/urdf_gazebo/package.dsv'
[1.567s] INFO:colcon.colcon_core.shell:Creating package script '/home/josef-reth/Workspaces/mydev_ws/src/urdf_gazebo/install/urdf_gazebo/share/urdf_gazebo/package.sh'
[1.569s] INFO:colcon.colcon_core.shell:Creating package script '/home/josef-reth/Workspaces/mydev_ws/src/urdf_gazebo/install/urdf_gazebo/share/urdf_gazebo/package.bash'
[1.570s] INFO:colcon.colcon_core.shell:Creating package script '/home/josef-reth/Workspaces/mydev_ws/src/urdf_gazebo/install/urdf_gazebo/share/urdf_gazebo/package.zsh'
[1.571s] Level 1:colcon.colcon_core.environment:create_file_with_runtime_dependencies(/home/josef-reth/Workspaces/mydev_ws/src/urdf_gazebo/install/urdf_gazebo/share/colcon-core/packages/urdf_gazebo)
[1.623s] Level 1:colcon.colcon_core.environment:create_environment_scripts_only(urdf_gazebo)
[1.629s] Level 1:colcon.colcon_core.environment:checking '/home/josef-reth/Workspaces/mydev_ws/src/urdf_gazebo/install/urdf_gazebo' for CMake module files
[1.631s] Level 1:colcon.colcon_core.environment:checking '/home/josef-reth/Workspaces/mydev_ws/src/urdf_gazebo/install/urdf_gazebo' for CMake config files
[1.632s] Level 1:colcon.colcon_core.shell:create_environment_hook('urdf_gazebo', 'cmake_prefix_path')
[1.636s] INFO:colcon.colcon_core.shell:Creating environment hook '/home/josef-reth/Workspaces/mydev_ws/src/urdf_gazebo/install/urdf_gazebo/share/urdf_gazebo/hook/cmake_prefix_path.ps1'
[1.638s] INFO:colcon.colcon_core.shell:Creating environment descriptor '/home/josef-reth/Workspaces/mydev_ws/src/urdf_gazebo/install/urdf_gazebo/share/urdf_gazebo/hook/cmake_prefix_path.dsv'
[1.638s] INFO:colcon.colcon_core.shell:Creating environment hook '/home/josef-reth/Workspaces/mydev_ws/src/urdf_gazebo/install/urdf_gazebo/share/urdf_gazebo/hook/cmake_prefix_path.sh'
[1.639s] Level 1:colcon.colcon_core.environment:checking '/home/josef-reth/Workspaces/mydev_ws/src/urdf_gazebo/install/urdf_gazebo/bin'
[1.639s] Level 1:colcon.colcon_core.environment:checking '/home/josef-reth/Workspaces/mydev_ws/src/urdf_gazebo/install/urdf_gazebo/lib/pkgconfig/urdf_gazebo.pc'
[1.639s] Level 1:colcon.colcon_core.environment:checking '/home/josef-reth/Workspaces/mydev_ws/src/urdf_gazebo/install/urdf_gazebo/lib/python3.8/site-packages'
[1.640s] Level 1:colcon.colcon_core.environment:checking '/home/josef-reth/Workspaces/mydev_ws/src/urdf_gazebo/install/urdf_gazebo/bin'
[1.642s] INFO:colcon.colcon_core.shell:Creating package script '/home/josef-reth/Workspaces/mydev_ws/src/urdf_gazebo/install/urdf_gazebo/share/urdf_gazebo/package.ps1'
[1.643s] INFO:colcon.colcon_core.shell:Creating package descriptor '/home/josef-reth/Workspaces/mydev_ws/src/urdf_gazebo/install/urdf_gazebo/share/urdf_gazebo/package.dsv'
[1.644s] INFO:colcon.colcon_core.shell:Creating package script '/home/josef-reth/Workspaces/mydev_ws/src/urdf_gazebo/install/urdf_gazebo/share/urdf_gazebo/package.sh'
[1.645s] INFO:colcon.colcon_core.shell:Creating package script '/home/josef-reth/Workspaces/mydev_ws/src/urdf_gazebo/install/urdf_gazebo/share/urdf_gazebo/package.bash'
[1.645s] INFO:colcon.colcon_core.shell:Creating package script '/home/josef-reth/Workspaces/mydev_ws/src/urdf_gazebo/install/urdf_gazebo/share/urdf_gazebo/package.zsh'
[1.646s] Level 1:colcon.colcon_core.environment:create_file_with_runtime_dependencies(/home/josef-reth/Workspaces/mydev_ws/src/urdf_gazebo/install/urdf_gazebo/share/colcon-core/packages/urdf_gazebo)
[1.647s] DEBUG:colcon.colcon_parallel_executor.executor.parallel:closing loop
[1.649s] DEBUG:colcon.colcon_parallel_executor.executor.parallel:loop closed
[1.649s] DEBUG:colcon.colcon_parallel_executor.executor.parallel:run_until_complete finished with '0'
[1.650s] DEBUG:colcon.colcon_core.event_reactor:joining thread
[1.667s] INFO:colcon.colcon_core.plugin_system:Skipping extension 'colcon_notification.desktop_notification.terminal_notifier': Not used on non-Darwin systems
[1.667s] INFO:colcon.colcon_core.plugin_system:Skipping extension 'colcon_notification.desktop_notification.win32': Not used on non-Windows systems
[1.667s] INFO:colcon.colcon_notification.desktop_notification:Sending desktop notification using 'notify2'
[1.716s] DEBUG:colcon.colcon_core.event_reactor:joined thread
[1.721s] INFO:colcon.colcon_core.shell:Creating prefix script '/home/josef-reth/Workspaces/mydev_ws/src/urdf_gazebo/install/local_setup.ps1'
[1.723s] INFO:colcon.colcon_core.shell:Creating prefix util module '/home/josef-reth/Workspaces/mydev_ws/src/urdf_gazebo/install/_local_setup_util_ps1.py'
[1.726s] INFO:colcon.colcon_core.shell:Creating prefix chain script '/home/josef-reth/Workspaces/mydev_ws/src/urdf_gazebo/install/setup.ps1'
[1.731s] INFO:colcon.colcon_core.shell:Creating prefix script '/home/josef-reth/Workspaces/mydev_ws/src/urdf_gazebo/install/local_setup.sh'
[1.732s] INFO:colcon.colcon_core.shell:Creating prefix util module '/home/josef-reth/Workspaces/mydev_ws/src/urdf_gazebo/install/_local_setup_util_sh.py'
[1.733s] INFO:colcon.colcon_core.shell:Creating prefix chain script '/home/josef-reth/Workspaces/mydev_ws/src/urdf_gazebo/install/setup.sh'
[1.736s] INFO:colcon.colcon_core.shell:Creating prefix script '/home/josef-reth/Workspaces/mydev_ws/src/urdf_gazebo/install/local_setup.bash'
[1.736s] INFO:colcon.colcon_core.shell:Creating prefix chain script '/home/josef-reth/Workspaces/mydev_ws/src/urdf_gazebo/install/setup.bash'
[1.739s] INFO:colcon.colcon_core.shell:Creating prefix script '/home/josef-reth/Workspaces/mydev_ws/src/urdf_gazebo/install/local_setup.zsh'
[1.739s] INFO:colcon.colcon_core.shell:Creating prefix chain script '/home/josef-reth/Workspaces/mydev_ws/src/urdf_gazebo/install/setup.zsh'
