-- Install configuration: ""
-- Up-to-date: /home/josef-reth/Workspaces/mydev_ws/src/urdf_gazebo/install/urdf_gazebo/share/urdf_gazebo//rviz
-- Up-to-date: /home/josef-reth/Workspaces/mydev_ws/src/urdf_gazebo/install/urdf_gazebo/share/urdf_gazebo//rviz/urdf.rviz
-- Up-to-date: /home/josef-reth/Workspaces/mydev_ws/src/urdf_gazebo/install/urdf_gazebo/share/urdf_gazebo//urdf
-- Up-to-date: /home/josef-reth/Workspaces/mydev_ws/src/urdf_gazebo/install/urdf_gazebo/share/urdf_gazebo//urdf/diffbot.urdf
-- Up-to-date: /home/josef-reth/Workspaces/mydev_ws/src/urdf_gazebo/install/urdf_gazebo/share/urdf_gazebo//launch
-- Up-to-date: /home/josef-reth/Workspaces/mydev_ws/src/urdf_gazebo/install/urdf_gazebo/share/urdf_gazebo//launch/diffbot.urdf.gazebo.rviz.launch.py
-- Up-to-date: /home/josef-reth/Workspaces/mydev_ws/src/urdf_gazebo/install/urdf_gazebo/share/urdf_gazebo//launch/diffbot.urdf.gazebo.launch.py
-- Up-to-date: /home/josef-reth/Workspaces/mydev_ws/src/urdf_gazebo/install/urdf_gazebo/share/urdf_gazebo//launch/diffbot.urdf.launch.py
-- Up-to-date: /home/josef-reth/Workspaces/mydev_ws/src/urdf_gazebo/install/urdf_gazebo/share/ament_index/resource_index/package_run_dependencies/urdf_gazebo
-- Up-to-date: /home/josef-reth/Workspaces/mydev_ws/src/urdf_gazebo/install/urdf_gazebo/share/ament_index/resource_index/parent_prefix_path/urdf_gazebo
-- Up-to-date: /home/josef-reth/Workspaces/mydev_ws/src/urdf_gazebo/install/urdf_gazebo/share/urdf_gazebo/environment/ament_prefix_path.sh
-- Up-to-date: /home/josef-reth/Workspaces/mydev_ws/src/urdf_gazebo/install/urdf_gazebo/share/urdf_gazebo/environment/ament_prefix_path.dsv
-- Up-to-date: /home/josef-reth/Workspaces/mydev_ws/src/urdf_gazebo/install/urdf_gazebo/share/urdf_gazebo/environment/path.sh
-- Up-to-date: /home/josef-reth/Workspaces/mydev_ws/src/urdf_gazebo/install/urdf_gazebo/share/urdf_gazebo/environment/path.dsv
-- Up-to-date: /home/josef-reth/Workspaces/mydev_ws/src/urdf_gazebo/install/urdf_gazebo/share/urdf_gazebo/local_setup.bash
-- Up-to-date: /home/josef-reth/Workspaces/mydev_ws/src/urdf_gazebo/install/urdf_gazebo/share/urdf_gazebo/local_setup.sh
-- Up-to-date: /home/josef-reth/Workspaces/mydev_ws/src/urdf_gazebo/install/urdf_gazebo/share/urdf_gazebo/local_setup.zsh
-- Up-to-date: /home/josef-reth/Workspaces/mydev_ws/src/urdf_gazebo/install/urdf_gazebo/share/urdf_gazebo/local_setup.dsv
-- Installing: /home/josef-reth/Workspaces/mydev_ws/src/urdf_gazebo/install/urdf_gazebo/share/urdf_gazebo/package.dsv
-- Up-to-date: /home/josef-reth/Workspaces/mydev_ws/src/urdf_gazebo/install/urdf_gazebo/share/ament_index/resource_index/packages/urdf_gazebo
-- Up-to-date: /home/josef-reth/Workspaces/mydev_ws/src/urdf_gazebo/install/urdf_gazebo/share/urdf_gazebo/cmake/urdf_gazeboConfig.cmake
-- Up-to-date: /home/josef-reth/Workspaces/mydev_ws/src/urdf_gazebo/install/urdf_gazebo/share/urdf_gazebo/cmake/urdf_gazeboConfig-version.cmake
-- Up-to-date: /home/josef-reth/Workspaces/mydev_ws/src/urdf_gazebo/install/urdf_gazebo/share/urdf_gazebo/package.xml
